Sat Oct 21 2017 13:42:53 GMT+0530 (India Standard Time):GET /
Sat Oct 21 2017 13:42:54 GMT+0530 (India Standard Time):GET /css/style.css
Sat Oct 21 2017 14:00:55 GMT+0530 (India Standard Time):GET /
Sat Oct 21 2017 14:00:56 GMT+0530 (India Standard Time):GET /css/style.css
Sat Oct 21 2017 14:00:57 GMT+0530 (India Standard Time):GET /
Sat Oct 21 2017 14:00:58 GMT+0530 (India Standard Time):GET /css/style.css
Sat Oct 21 2017 14:01:03 GMT+0530 (India Standard Time):GET /about
Sat Oct 21 2017 14:01:03 GMT+0530 (India Standard Time):GET /css/style.css
Sat Oct 21 2017 14:11:31 GMT+0530 (India Standard Time):GET /about
Sat Oct 21 2017 14:11:31 GMT+0530 (India Standard Time):GET /css/style.css
Sun Oct 22 2017 14:51:35 GMT+0530 (India Standard Time):GET /
Sun Oct 22 2017 14:51:35 GMT+0530 (India Standard Time):GET /css/style.css
Sun Oct 22 2017 14:51:35 GMT+0530 (India Standard Time):GET /favicon.ico
Sun Oct 22 2017 14:51:35 GMT+0530 (India Standard Time):GET /favicon.ico
Sun Oct 22 2017 14:51:37 GMT+0530 (India Standard Time):GET /projects
Sun Oct 22 2017 14:51:37 GMT+0530 (India Standard Time):GET /css/style.css
Sun Oct 22 2017 14:51:43 GMT+0530 (India Standard Time):GET /about
Sun Oct 22 2017 14:51:43 GMT+0530 (India Standard Time):GET /css/style.css
Sun Oct 22 2017 14:51:45 GMT+0530 (India Standard Time):GET /
Sun Oct 22 2017 14:51:45 GMT+0530 (India Standard Time):GET /css/style.css
Sun Oct 22 2017 14:51:46 GMT+0530 (India Standard Time):GET /about
Sun Oct 22 2017 14:51:46 GMT+0530 (India Standard Time):GET /css/style.css
Sun Oct 22 2017 14:51:47 GMT+0530 (India Standard Time):GET /projects
Sun Oct 22 2017 14:51:47 GMT+0530 (India Standard Time):GET /css/style.css
